<?xml version="1.0" encoding="UTF-8"?>
<testsuite name="com.multicampus.springex.mapper.TimeMapperTests" tests="1" skipped="0" failures="0" errors="0" timestamp="2023-08-07T08:29:13" hostname="DESKTOP-EJFJLB4" time="0.765">
  <properties/>
  <testcase name="testGetTime()" classname="com.multicampus.springex.mapper.TimeMapperTests" time="0.765"/>
  <system-out><![CDATA[2023-08-07 17:29:07,471 Test worker ERROR logger has no parameter that matches element logger
17:29:08.490 [Test worker] INFO  org.springframework.test.context.support.DefaultTestContextBootstrapper - Loaded default TestExecutionListener class names from location [META-INF/spring.factories]: [org.springframework.test.context.web.ServletTestExecutionListener, org.springframework.test.context.support.DirtiesContextBeforeModesTestExecutionListener, org.springframework.test.context.event.ApplicationEventsTestExecutionListener, org.springframework.test.context.support.DependencyInjectionTestExecutionListener, org.springframework.test.context.support.DirtiesContextTestExecutionListener, org.springframework.test.context.transaction.TransactionalTestExecutionListener, org.springframework.test.context.jdbc.SqlScriptsTestExecutionListener, org.springframework.test.context.event.EventPublishingTestExecutionListener]
17:29:08.580 [Test worker] INFO  org.springframework.test.context.support.DefaultTestContextBootstrapper - Using TestExecutionListeners: [org.springframework.test.context.support.DirtiesContextBeforeModesTestExecutionListener@31c269fd, org.springframework.test.context.event.ApplicationEventsTestExecutionListener@372b0d86, org.springframework.test.context.support.DependencyInjectionTestExecutionListener@47747fb9, org.springframework.test.context.support.DirtiesContextTestExecutionListener@3113a37, org.springframework.test.context.transaction.TransactionalTestExecutionListener@213e3629, org.springframework.test.context.jdbc.SqlScriptsTestExecutionListener@4e9658b5, org.springframework.test.context.event.EventPublishingTestExecutionListener@2a7b6f69]
17:29:11.322 [Test worker] INFO  com.zaxxer.hikari.HikariDataSource - HikariPool-1 - Starting...
17:29:12.447 [Test worker] INFO  com.zaxxer.hikari.pool.HikariPool - HikariPool-1 - Added connection org.mariadb.jdbc.Connection@66ad7bf0
17:29:12.452 [Test worker] INFO  com.zaxxer.hikari.HikariDataSource - HikariPool-1 - Start completed.
17:29:14.557 [Test worker] INFO  com.multicampus.springex.mapper.TimeMapperTests - 2023-08-07 17:29:14
]]></system-out>
  <system-err><![CDATA[]]></system-err>
</testsuite>
